<?xml version="1.0" encoding="UTF-8"?>
<testsuite xmlns:xsi="http://www.w3.org/2001/XMLSchema-instance" xsi:noNamespaceSchemaLocation="https://maven.apache.org/surefire/maven-surefire-plugin/xsd/surefire-test-report.xsd" name="com.bso.companycob.domain.entity.QuotaCollectionTest" time="0.005" tests="11" errors="0" skipped="0" failures="0">
  <properties>
    <property name="sun.desktop" value="gnome"/>
    <property name="awt.toolkit" value="sun.awt.X11.XToolkit"/>
    <property name="java.specification.version" value="11"/>
    <property name="sun.cpu.isalist" value=""/>
    <property name="sun.jnu.encoding" value="UTF-8"/>
    <property name="java.class.path" value="/home/bso/dev/fonts/company-cob-ddd/domain/target/test-classes:/home/bso/dev/fonts/company-cob-ddd/domain/target/classes:/home/bso/.m2/repository/org/junit/jupiter/junit-jupiter/5.7.2/junit-jupiter-5.7.2.jar:/home/bso/.m2/repository/org/junit/jupiter/junit-jupiter-api/5.7.2/junit-jupiter-api-5.7.2.jar:/home/bso/.m2/repository/org/apiguardian/apiguardian-api/1.1.0/apiguardian-api-1.1.0.jar:/home/bso/.m2/repository/org/opentest4j/opentest4j/1.2.0/opentest4j-1.2.0.jar:/home/bso/.m2/repository/org/junit/platform/junit-platform-commons/1.7.2/junit-platform-commons-1.7.2.jar:/home/bso/.m2/repository/org/junit/jupiter/junit-jupiter-params/5.7.2/junit-jupiter-params-5.7.2.jar:/home/bso/.m2/repository/org/junit/jupiter/junit-jupiter-engine/5.7.2/junit-jupiter-engine-5.7.2.jar:/home/bso/.m2/repository/org/junit/platform/junit-platform-engine/1.7.2/junit-platform-engine-1.7.2.jar:/home/bso/.m2/repository/org/mockito/mockito-all/1.10.19/mockito-all-1.10.19.jar:"/>
    <property name="java.vm.vendor" value="AdoptOpenJDK"/>
    <property name="sun.arch.data.model" value="64"/>
    <property name="java.vendor.url" value="https://adoptopenjdk.net/"/>
    <property name="user.timezone" value=""/>
    <property name="java.vm.specification.version" value="11"/>
    <property name="os.name" value="Linux"/>
    <property name="sun.java.launcher" value="SUN_STANDARD"/>
    <property name="user.country" value="BR"/>
    <property name="sun.boot.library.path" value="/home/bso/.sdkman/candidates/java/11.0.11.hs-adpt/lib"/>
    <property name="sun.java.command" value="/home/bso/dev/fonts/company-cob-ddd/domain/target/surefire/surefirebooter5506115268188376801.jar /home/bso/dev/fonts/company-cob-ddd/domain/target/surefire 2021-05-25T21-44-13_249-jvmRun1 surefire642385034003981548tmp surefire_015563003706915405001tmp"/>
    <property name="jdk.debug" value="release"/>
    <property name="surefire.test.class.path" value="/home/bso/dev/fonts/company-cob-ddd/domain/target/test-classes:/home/bso/dev/fonts/company-cob-ddd/domain/target/classes:/home/bso/.m2/repository/org/junit/jupiter/junit-jupiter/5.7.2/junit-jupiter-5.7.2.jar:/home/bso/.m2/repository/org/junit/jupiter/junit-jupiter-api/5.7.2/junit-jupiter-api-5.7.2.jar:/home/bso/.m2/repository/org/apiguardian/apiguardian-api/1.1.0/apiguardian-api-1.1.0.jar:/home/bso/.m2/repository/org/opentest4j/opentest4j/1.2.0/opentest4j-1.2.0.jar:/home/bso/.m2/repository/org/junit/platform/junit-platform-commons/1.7.2/junit-platform-commons-1.7.2.jar:/home/bso/.m2/repository/org/junit/jupiter/junit-jupiter-params/5.7.2/junit-jupiter-params-5.7.2.jar:/home/bso/.m2/repository/org/junit/jupiter/junit-jupiter-engine/5.7.2/junit-jupiter-engine-5.7.2.jar:/home/bso/.m2/repository/org/junit/platform/junit-platform-engine/1.7.2/junit-platform-engine-1.7.2.jar:/home/bso/.m2/repository/org/mockito/mockito-all/1.10.19/mockito-all-1.10.19.jar:"/>
    <property name="sun.cpu.endian" value="little"/>
    <property name="user.home" value="/home/bso"/>
    <property name="user.language" value="pt"/>
    <property name="java.specification.vendor" value="Oracle Corporation"/>
    <property name="java.version.date" value="2021-04-20"/>
    <property name="java.home" value="/home/bso/.sdkman/candidates/java/11.0.11.hs-adpt"/>
    <property name="file.separator" value="/"/>
    <property name="basedir" value="/home/bso/dev/fonts/company-cob-ddd/domain"/>
    <property name="java.vm.compressedOopsMode" value="Zero based"/>
    <property name="line.separator" value="&#10;"/>
    <property name="java.specification.name" value="Java Platform API Specification"/>
    <property name="java.vm.specification.vendor" value="Oracle Corporation"/>
    <property name="java.awt.graphicsenv" value="sun.awt.X11GraphicsEnvironment"/>
    <property name="surefire.real.class.path" value="/home/bso/dev/fonts/company-cob-ddd/domain/target/surefire/surefirebooter5506115268188376801.jar"/>
    <property name="sun.management.compiler" value="HotSpot 64-Bit Tiered Compilers"/>
    <property name="java.runtime.version" value="11.0.11+9"/>
    <property name="user.name" value="bso"/>
    <property name="path.separator" value=":"/>
    <property name="os.version" value="5.4.0-73-generic"/>
    <property name="java.runtime.name" value="OpenJDK Runtime Environment"/>
    <property name="file.encoding" value="UTF-8"/>
    <property name="java.vm.name" value="OpenJDK 64-Bit Server VM"/>
    <property name="java.vendor.version" value="AdoptOpenJDK-11.0.11+9"/>
    <property name="localRepository" value="/home/bso/.m2/repository"/>
    <property name="java.vendor.url.bug" value="https://github.com/AdoptOpenJDK/openjdk-support/issues"/>
    <property name="java.io.tmpdir" value="/tmp"/>
    <property name="java.version" value="11.0.11"/>
    <property name="user.dir" value="/home/bso/dev/fonts/company-cob-ddd/domain"/>
    <property name="os.arch" value="amd64"/>
    <property name="java.vm.specification.name" value="Java Virtual Machine Specification"/>
    <property name="java.awt.printerjob" value="sun.print.PSPrinterJob"/>
    <property name="sun.os.patch.level" value="unknown"/>
    <property name="java.library.path" value="/usr/java/packages/lib:/usr/lib64:/lib64:/lib:/usr/lib"/>
    <property name="java.vm.info" value="mixed mode"/>
    <property name="java.vendor" value="AdoptOpenJDK"/>
    <property name="java.vm.version" value="11.0.11+9"/>
    <property name="sun.io.unicode.encoding" value="UnicodeLittle"/>
    <property name="java.class.version" value="55.0"/>
  </properties>
  <testcase name="testGetNextOpenQuotaWhenIsFirst" classname="com.bso.companycob.domain.entity.QuotaCollectionTest" time="0"/>
  <testcase name="testCreateQuotaCollectionWithEmptyQuotas" classname="com.bso.companycob.domain.entity.QuotaCollectionTest" time="0"/>
  <testcase name="testGetNextOpenQuotaWhenIsLast" classname="com.bso.companycob.domain.entity.QuotaCollectionTest" time="0"/>
  <testcase name="testCreateQuotaCollectionWithSuccess" classname="com.bso.companycob.domain.entity.QuotaCollectionTest" time="0"/>
  <testcase name="testGetNextOpenQuotaWhenIsMiddle" classname="com.bso.companycob.domain.entity.QuotaCollectionTest" time="0"/>
  <testcase name="testReceivePaymentGreaterThanValue" classname="com.bso.companycob.domain.entity.QuotaCollectionTest" time="0"/>
  <testcase name="testGetNextOpenQuotaWhenHaveNone" classname="com.bso.companycob.domain.entity.QuotaCollectionTest" time="0"/>
  <testcase name="testReceivePaymentEqualsValue" classname="com.bso.companycob.domain.entity.QuotaCollectionTest" time="0.001"/>
  <testcase name="testCreateQuotaCollectionWithNullQuotas" classname="com.bso.companycob.domain.entity.QuotaCollectionTest" time="0.001"/>
  <testcase name="testReceivePaymentSmallerThanValue" classname="com.bso.companycob.domain.entity.QuotaCollectionTest" time="0"/>
  <testcase name="testReceivePaymentZero" classname="com.bso.companycob.domain.entity.QuotaCollectionTest" time="0"/>
</testsuite>